<?xml version="1.0" encoding="UTF-8"?>
<TestRun id="5d8c1212-f70d-41aa-9f0b-30603896dd7c" name="ecrookshanks@NOKEL-PC-1 2013-03-05 22:33:55" runUser="NOKEL-PC-1\ecrookshanks" xmlns="http://microsoft.com/schemas/VisualStudio/TeamTest/2010">
  <TestSettings name="Default Test Settings" id="e288848a-c0b9-4575-a279-a9316d989b71">
    <Deployment runDeploymentRoot="ecrookshanks_NOKEL-PC-1 2013-03-05 22_33_55">
      <DeploymentItem filename="C:\utils\Microsoft Unity Application Block 2.1\Bin\Microsoft.Practices.ServiceLocation.dll" />
      <DeploymentItem filename="C:\utils\Microsoft Unity Application Block 2.1\Bin\Microsoft.Practices.Unity.dll" />
      <DeploymentItem filename="C:\Users\ecrookshanks\Documents\Business Docs\Presentations\Code\DI-IOC\UnityMVC_DepResolver\bin\UnityMVC_DepResolver.dll" />
    </Deployment>
    <Execution>
      <TestTypeSpecific />
      <AgentRule name="Execution Agents">
      </AgentRule>
    </Execution>
  </TestSettings>
  <Times creation="2013-03-05T22:33:55.5631043-05:00" queuing="2013-03-05T22:33:56.1031352-05:00" start="2013-03-05T22:33:56.1471377-05:00" finish="2013-03-05T22:33:56.9641844-05:00" />
  <ResultSummary outcome="Failed">
    <Counters total="2" executed="2" passed="1" error="0" failed="1" timeout="0" aborted="0" inconclusive="0" passedButRunAborted="0" notRunnable="0" notExecuted="0" disconnected="0" warning="0" completed="0" inProgress="0" pending="0" />
  </ResultSummary>
  <TestDefinitions>
    <UnitTest name="Index" storage="c:\users\ecrookshanks\documents\business docs\presentations\code\di-ioc\unitymvc_depresolver.tests\bin\debug\unitymvc_depresolver.tests.dll" id="2422121d-2074-551c-e821-8aa0bb67d0dc">
      <Execution id="05ffdf62-7dfa-470d-adaa-1c87eaf93fe5" />
      <TestMethod codeBase="C:/Users/ecrookshanks/Documents/Business Docs/Presentations/Code/DI-IOC/UnityMVC_DepResolver.Tests/bin/Debug/UnityMVC_DepResolver.Tests.DLL" adapterTypeName="Microsoft.VisualStudio.TestTools.TestTypes.Unit.UnitTestAdapter, Microsoft.VisualStudio.QualityTools.Tips.UnitTest.Adapter, Version=10.0.0.0, Culture=neutral, PublicKeyToken=b03f5f7f11d50a3a" className="UnityMVC_DepResolver.Tests.Controllers.HomeControllerTest, UnityMVC_DepResolver.Tests, Version=1.0.0.0, Culture=neutral, PublicKeyToken=null" name="Index" />
    </UnitTest>
    <UnitTest name="About" storage="c:\users\ecrookshanks\documents\business docs\presentations\code\di-ioc\unitymvc_depresolver.tests\bin\debug\unitymvc_depresolver.tests.dll" id="6c01b50a-85e6-575d-4373-795df8ac2267">
      <Execution id="358030f2-c1ea-45e1-a5c7-8ef1931207f8" />
      <TestMethod codeBase="C:/Users/ecrookshanks/Documents/Business Docs/Presentations/Code/DI-IOC/UnityMVC_DepResolver.Tests/bin/Debug/UnityMVC_DepResolver.Tests.DLL" adapterTypeName="Microsoft.VisualStudio.TestTools.TestTypes.Unit.UnitTestAdapter, Microsoft.VisualStudio.QualityTools.Tips.UnitTest.Adapter, Version=10.0.0.0, Culture=neutral, PublicKeyToken=b03f5f7f11d50a3a" className="UnityMVC_DepResolver.Tests.Controllers.HomeControllerTest, UnityMVC_DepResolver.Tests, Version=1.0.0.0, Culture=neutral, PublicKeyToken=null" name="About" />
    </UnitTest>
  </TestDefinitions>
  <TestLists>
    <TestList name="Results Not in a List" id="8c84fa94-04c1-424b-9868-57a2d4851a1d" />
    <TestList name="All Loaded Results" id="19431567-8539-422a-85d7-44ee4e166bda" />
  </TestLists>
  <TestEntries>
    <TestEntry testId="2422121d-2074-551c-e821-8aa0bb67d0dc" executionId="05ffdf62-7dfa-470d-adaa-1c87eaf93fe5" testListId="8c84fa94-04c1-424b-9868-57a2d4851a1d" />
    <TestEntry testId="6c01b50a-85e6-575d-4373-795df8ac2267" executionId="358030f2-c1ea-45e1-a5c7-8ef1931207f8" testListId="8c84fa94-04c1-424b-9868-57a2d4851a1d" />
  </TestEntries>
  <Results>
    <UnitTestResult executionId="05ffdf62-7dfa-470d-adaa-1c87eaf93fe5" testId="2422121d-2074-551c-e821-8aa0bb67d0dc" testName="Index" computerName="NOKEL-PC-1" duration="00:00:00.2518861" startTime="2013-03-05T22:33:56.1821397-05:00" endTime="2013-03-05T22:33:56.8811797-05:00" testType="13cdc9d9-ddb5-4fa4-a97d-d965ccfc6d4b" outcome="Failed" testListId="8c84fa94-04c1-424b-9868-57a2d4851a1d" relativeResultsDirectory="05ffdf62-7dfa-470d-adaa-1c87eaf93fe5">
      <Output>
        <ErrorInfo>
          <Message>Test method UnityMVC_DepResolver.Tests.Controllers.HomeControllerTest.Index threw exception: 
System.NullReferenceException: Object reference not set to an instance of an object.</Message>
          <StackTrace>    at UnityMVC_DepResolver.Controllers.HomeController.Index() in C:\Users\ecrookshanks\Documents\Business Docs\Presentations\Code\DI-IOC\UnityMVC_DepResolver\Controllers\HomeController.cs:line 39
   at UnityMVC_DepResolver.Tests.Controllers.HomeControllerTest.Index() in C:\Users\ecrookshanks\Documents\Business Docs\Presentations\Code\DI-IOC\UnityMVC_DepResolver.Tests\Controllers\HomeControllerTest.cs:line 32
</StackTrace>
        </ErrorInfo>
      </Output>
    </UnitTestResult>
    <UnitTestResult executionId="358030f2-c1ea-45e1-a5c7-8ef1931207f8" testId="6c01b50a-85e6-575d-4373-795df8ac2267" testName="About" computerName="NOKEL-PC-1" duration="00:00:00.0008977" startTime="2013-03-05T22:33:56.9061811-05:00" endTime="2013-03-05T22:33:56.9111814-05:00" testType="13cdc9d9-ddb5-4fa4-a97d-d965ccfc6d4b" outcome="Passed" testListId="8c84fa94-04c1-424b-9868-57a2d4851a1d" relativeResultsDirectory="358030f2-c1ea-45e1-a5c7-8ef1931207f8">
    </UnitTestResult>
  </Results>
</TestRun>