<?xml version="1.0" encoding="UTF-8"?>
<TestRun id="e6ca37a7-f4c9-433a-a69b-90b45337e3f6" name="ecrookshanks@NOKEL-PC-1 2013-03-05 22:28:52" runUser="NOKEL-PC-1\ecrookshanks" xmlns="http://microsoft.com/schemas/VisualStudio/TeamTest/2010">
  <TestSettings name="Default Test Settings" id="13079e50-c5bd-4ed9-8044-bf2bd8dbae88">
    <Deployment runDeploymentRoot="ecrookshanks_NOKEL-PC-1 2013-03-05 22_28_52">
      <DeploymentItem filename="C:\Users\ecrookshanks\Documents\Business Docs\Presentations\Code\DI-IOC\UnityMVC_DepResolver\bin\UnityMVC_DepResolver.dll" />
    </Deployment>
    <Execution>
      <TestTypeSpecific />
      <AgentRule name="Execution Agents">
      </AgentRule>
    </Execution>
  </TestSettings>
  <Times creation="2013-03-05T22:28:52.7577848-05:00" queuing="2013-03-05T22:28:56.8160169-05:00" start="2013-03-05T22:28:57.1400355-05:00" finish="2013-03-05T22:29:08.1956678-05:00" />
  <ResultSummary outcome="Error">
    <Counters total="1" executed="1" error="0" failed="0" timeout="0" aborted="1" inconclusive="0" passedButRunAborted="0" notRunnable="0" notExecuted="0" disconnected="0" warning="0" passed="0" completed="0" inProgress="0" pending="0" />
    <RunInfos>
      <RunInfo computerName="NOKEL-PC-1" outcome="Error" timestamp="2013-03-05T22:29:08.1936677-05:00">
        <Text>Test host process exited unexpectedly.</Text>
      </RunInfo>
    </RunInfos>
  </ResultSummary>
  <TestDefinitions>
    <UnitTest name="Index" storage="c:\users\ecrookshanks\documents\business docs\presentations\code\di-ioc\unitymvc_depresolver.tests\bin\debug\unitymvc_depresolver.tests.dll" id="2422121d-2074-551c-e821-8aa0bb67d0dc">
      <Execution id="5dd8acb2-aead-4545-81d9-225fb18ea89d" />
      <TestMethod codeBase="C:/Users/ecrookshanks/Documents/Business Docs/Presentations/Code/DI-IOC/UnityMVC_DepResolver.Tests/bin/Debug/UnityMVC_DepResolver.Tests.DLL" adapterTypeName="Microsoft.VisualStudio.TestTools.TestTypes.Unit.UnitTestAdapter, Microsoft.VisualStudio.QualityTools.Tips.UnitTest.Adapter, Version=10.0.0.0, Culture=neutral, PublicKeyToken=b03f5f7f11d50a3a" className="UnityMVC_DepResolver.Tests.Controllers.HomeControllerTest, UnityMVC_DepResolver.Tests, Version=1.0.0.0, Culture=neutral, PublicKeyToken=null" name="Index" />
    </UnitTest>
  </TestDefinitions>
  <TestLists>
    <TestList name="Results Not in a List" id="8c84fa94-04c1-424b-9868-57a2d4851a1d" />
    <TestList name="All Loaded Results" id="19431567-8539-422a-85d7-44ee4e166bda" />
  </TestLists>
  <TestEntries>
    <TestEntry testId="2422121d-2074-551c-e821-8aa0bb67d0dc" executionId="5dd8acb2-aead-4545-81d9-225fb18ea89d" testListId="8c84fa94-04c1-424b-9868-57a2d4851a1d" />
  </TestEntries>
  <Results>
    <UnitTestResult executionId="5dd8acb2-aead-4545-81d9-225fb18ea89d" testId="2422121d-2074-551c-e821-8aa0bb67d0dc" testName="Index" computerName="NOKEL-PC-1" duration="00:00:10.9306252" startTime="2013-03-05T22:28:57.2650426-05:00" endTime="2013-03-05T22:29:08.1956678-05:00" testType="13cdc9d9-ddb5-4fa4-a97d-d965ccfc6d4b" outcome="Aborted" testListId="8c84fa94-04c1-424b-9868-57a2d4851a1d" relativeResultsDirectory="5dd8acb2-aead-4545-81d9-225fb18ea89d">
    </UnitTestResult>
  </Results>
</TestRun>