<?xml version="1.0" encoding="UTF-8"?>
<TestRun id="0097f170-029c-4fdd-a334-5b60fe4c43ab" name="ecrookshanks@NOKEL-PC-1 2013-03-05 22:48:12" runUser="NOKEL-PC-1\ecrookshanks" xmlns="http://microsoft.com/schemas/VisualStudio/TeamTest/2010">
  <TestSettings name="Default Test Settings" id="9ec7b71d-4e51-4c73-b910-fc221c2b76b4">
    <Deployment runDeploymentRoot="ecrookshanks_NOKEL-PC-1 2013-03-05 22_48_12">
      <DeploymentItem filename="C:\utils\Microsoft Unity Application Block 2.1\Bin\Microsoft.Practices.ServiceLocation.dll" />
      <DeploymentItem filename="C:\utils\Microsoft Unity Application Block 2.1\Bin\Microsoft.Practices.Unity.dll" />
      <DeploymentItem filename="C:\Users\ecrookshanks\Documents\Business Docs\Presentations\Code\DI-IOC\UnityMVC_DepResolver\bin\UnityMVC_DepResolver.dll" />
    </Deployment>
    <Execution>
      <TestTypeSpecific />
      <AgentRule name="Execution Agents">
      </AgentRule>
    </Execution>
  </TestSettings>
  <Times creation="2013-03-05T22:48:12.2151020-05:00" queuing="2013-03-05T22:48:12.8071358-05:00" start="2013-03-05T22:48:12.8181365-05:00" finish="2013-03-05T22:48:13.4201709-05:00" />
  <ResultSummary outcome="Completed">
    <Counters total="2" executed="2" passed="2" error="0" failed="0" timeout="0" aborted="0" inconclusive="0" passedButRunAborted="0" notRunnable="0" notExecuted="0" disconnected="0" warning="0" completed="0" inProgress="0" pending="0" />
  </ResultSummary>
  <TestDefinitions>
    <UnitTest name="Index" storage="c:\users\ecrookshanks\documents\business docs\presentations\code\di-ioc\unitymvc_depresolver.tests\bin\debug\unitymvc_depresolver.tests.dll" id="2422121d-2074-551c-e821-8aa0bb67d0dc">
      <Execution id="87e423cd-bbda-471f-bd09-120e713f747f" />
      <TestMethod codeBase="C:/Users/ecrookshanks/Documents/Business Docs/Presentations/Code/DI-IOC/UnityMVC_DepResolver.Tests/bin/Debug/UnityMVC_DepResolver.Tests.DLL" adapterTypeName="Microsoft.VisualStudio.TestTools.TestTypes.Unit.UnitTestAdapter, Microsoft.VisualStudio.QualityTools.Tips.UnitTest.Adapter, Version=10.0.0.0, Culture=neutral, PublicKeyToken=b03f5f7f11d50a3a" className="UnityMVC_DepResolver.Tests.Controllers.HomeControllerTest, UnityMVC_DepResolver.Tests, Version=1.0.0.0, Culture=neutral, PublicKeyToken=null" name="Index" />
    </UnitTest>
    <UnitTest name="About" storage="c:\users\ecrookshanks\documents\business docs\presentations\code\di-ioc\unitymvc_depresolver.tests\bin\debug\unitymvc_depresolver.tests.dll" id="6c01b50a-85e6-575d-4373-795df8ac2267">
      <Execution id="f58f571a-7598-4a78-882e-ab4e465424fb" />
      <TestMethod codeBase="C:/Users/ecrookshanks/Documents/Business Docs/Presentations/Code/DI-IOC/UnityMVC_DepResolver.Tests/bin/Debug/UnityMVC_DepResolver.Tests.DLL" adapterTypeName="Microsoft.VisualStudio.TestTools.TestTypes.Unit.UnitTestAdapter, Microsoft.VisualStudio.QualityTools.Tips.UnitTest.Adapter, Version=10.0.0.0, Culture=neutral, PublicKeyToken=b03f5f7f11d50a3a" className="UnityMVC_DepResolver.Tests.Controllers.HomeControllerTest, UnityMVC_DepResolver.Tests, Version=1.0.0.0, Culture=neutral, PublicKeyToken=null" name="About" />
    </UnitTest>
  </TestDefinitions>
  <TestLists>
    <TestList name="Results Not in a List" id="8c84fa94-04c1-424b-9868-57a2d4851a1d" />
    <TestList name="All Loaded Results" id="19431567-8539-422a-85d7-44ee4e166bda" />
  </TestLists>
  <TestEntries>
    <TestEntry testId="2422121d-2074-551c-e821-8aa0bb67d0dc" executionId="87e423cd-bbda-471f-bd09-120e713f747f" testListId="8c84fa94-04c1-424b-9868-57a2d4851a1d" />
    <TestEntry testId="6c01b50a-85e6-575d-4373-795df8ac2267" executionId="f58f571a-7598-4a78-882e-ab4e465424fb" testListId="8c84fa94-04c1-424b-9868-57a2d4851a1d" />
  </TestEntries>
  <Results>
    <UnitTestResult executionId="87e423cd-bbda-471f-bd09-120e713f747f" testId="2422121d-2074-551c-e821-8aa0bb67d0dc" testName="Index" computerName="NOKEL-PC-1" duration="00:00:00.1715292" startTime="2013-03-05T22:48:12.8411378-05:00" endTime="2013-03-05T22:48:13.2981639-05:00" testType="13cdc9d9-ddb5-4fa4-a97d-d965ccfc6d4b" outcome="Passed" testListId="8c84fa94-04c1-424b-9868-57a2d4851a1d" relativeResultsDirectory="87e423cd-bbda-471f-bd09-120e713f747f">
    </UnitTestResult>
    <UnitTestResult executionId="f58f571a-7598-4a78-882e-ab4e465424fb" testId="6c01b50a-85e6-575d-4373-795df8ac2267" testName="About" computerName="NOKEL-PC-1" duration="00:00:00.0013447" startTime="2013-03-05T22:48:13.3301658-05:00" endTime="2013-03-05T22:48:13.3411664-05:00" testType="13cdc9d9-ddb5-4fa4-a97d-d965ccfc6d4b" outcome="Passed" testListId="8c84fa94-04c1-424b-9868-57a2d4851a1d" relativeResultsDirectory="f58f571a-7598-4a78-882e-ab4e465424fb">
    </UnitTestResult>
  </Results>
</TestRun>